<?xml version="1.0" encoding="UTF-8" ?>
<testsuite errors="1" failures="0" hostname="vm03.students.learn.co" name="com.flatironschool.javacs.WikiPhilosophyTest" skipped="0" tests="1" time="1.275" timestamp="2016-06-16T18:31:53">
  <properties>
[...]
</properties>
  <testcase classname="com.flatironschool.javacs.WikiPhilosophyTest" name="testMain" time="1.188">
    <error message="Complete this lab by adding your code and removing this statement." type="java.lang.UnsupportedOperationException">java.lang.UnsupportedOperationException: Complete this lab by adding your code and removing this statement.
	at com.flatironschool.javacs.WikiPhilosophy.main(WikiPhilosophy.java:49)
	at com.flatironschool.javacs.WikiPhilosophyTest.testMain(WikiPhilosophyTest.java:29)
</error>
  </testcase>
  <system-out><![CDATA[Java is a general-purpose computer programming language that is concurrent, class-based, object-oriented,[14] and specifically designed to have as few implementation dependencies as possible. It is intended to let application developers "write once, run anywhere" (WORA),[15] meaning that compiled Java code can run on all platforms that support Java without the need for recompilation.[16] Java applications are typically compiled to bytecode that can run on any Java virtual machine (JVM) regardless of computer architecture. As of 2016, Java is one of the most popular programming languages in use,[17][18][19][20] particularly for client-server web applications, with a reported 9 million developers.[citation needed] Java was originally developed by James Gosling at Sun Microsystems (which has since been acquired by Oracle Corporation) and released in 1995 as a core component of Sun Microsystems' Java platform. The language derives much of its syntax from C and C++, but it has fewer low-level facilities than either of them.]]></system-out>
  <system-err><![CDATA[]]></system-err>
</testsuite>
